mode: atomic
github.com/bruli/alerter/internal/config/config.go:17.29,20.16 3 0
github.com/bruli/alerter/internal/config/config.go:20.16,22.3 1 0
github.com/bruli/alerter/internal/config/config.go:23.2,23.18 1 0
github.com/bruli/alerter/cmd/alerter/main.go:23.13,30.16 5 0
github.com/bruli/alerter/cmd/alerter/main.go:30.16,33.3 2 0
github.com/bruli/alerter/cmd/alerter/main.go:35.2,36.16 2 0
github.com/bruli/alerter/cmd/alerter/main.go:36.16,39.3 2 0
github.com/bruli/alerter/cmd/alerter/main.go:40.2,51.16 8 0
github.com/bruli/alerter/cmd/alerter/main.go:51.16,54.3 2 0
github.com/bruli/alerter/cmd/alerter/main.go:55.2,56.15 2 0
github.com/bruli/alerter/cmd/alerter/main.go:56.15,59.3 2 0
github.com/bruli/alerter/cmd/alerter/main.go:61.2,64.16 3 0
github.com/bruli/alerter/cmd/alerter/main.go:64.16,66.3 1 0
github.com/bruli/alerter/cmd/alerter/main.go:67.2,67.15 1 0
github.com/bruli/alerter/cmd/alerter/main.go:67.15,69.3 1 0
github.com/bruli/alerter/cmd/alerter/main.go:71.2,76.85 4 0
github.com/bruli/alerter/cmd/alerter/main.go:76.85,78.3 1 0
github.com/bruli/alerter/cmd/alerter/main.go:81.36,85.2 3 0
github.com/bruli/alerter/cmd/alerter/main.go:87.75,92.50 5 0
github.com/bruli/alerter/cmd/alerter/main.go:92.50,94.3 1 0
github.com/bruli/alerter/internal/infra/nats/ping_result_consumer.go:18.52,20.54 2 0
github.com/bruli/alerter/internal/infra/nats/ping_result_consumer.go:20.54,23.3 2 0
github.com/bruli/alerter/internal/infra/nats/ping_result_consumer.go:24.2,25.16 2 0
github.com/bruli/alerter/internal/infra/nats/ping_result_consumer.go:25.16,28.3 2 0
github.com/bruli/alerter/internal/infra/nats/ping_result_consumer.go:29.2,29.62 1 0
github.com/bruli/alerter/internal/infra/nats/ping_result_consumer.go:29.62,31.3 1 0
github.com/bruli/alerter/internal/infra/nats/ping_result_consumer.go:34.91,36.2 1 0
github.com/bruli/alerter/internal/infra/http/server.go:11.50,13.74 2 0
github.com/bruli/alerter/internal/infra/http/server.go:13.74,16.3 2 0
github.com/bruli/alerter/internal/infra/http/server.go:18.2,24.3 3 0
github.com/bruli/alerter/internal/infra/http/server.go:29.56,30.46 1 0
github.com/bruli/alerter/internal/infra/http/server.go:30.46,31.72 1 0
github.com/bruli/alerter/internal/infra/http/server.go:31.72,34.4 2 0
github.com/bruli/alerter/internal/infra/telegram/publisher.go:15.67,16.9 1 0
github.com/bruli/alerter/internal/infra/telegram/publisher.go:17.20,18.19 1 0
github.com/bruli/alerter/internal/infra/telegram/publisher.go:19.10,21.17 2 0
github.com/bruli/alerter/internal/infra/telegram/publisher.go:21.17,23.4 1 0
github.com/bruli/alerter/internal/infra/telegram/publisher.go:24.3,24.13 1 0
github.com/bruli/alerter/internal/infra/telegram/publisher.go:28.67,30.16 2 0
github.com/bruli/alerter/internal/infra/telegram/publisher.go:30.16,32.3 1 0
github.com/bruli/alerter/internal/infra/telegram/publisher.go:33.2,33.50 1 0
github.com/bruli/alerter/test/publisher.go:13.13,15.16 2 0
github.com/bruli/alerter/test/publisher.go:15.16,17.3 1 0
github.com/bruli/alerter/test/publisher.go:18.2,18.15 1 0
github.com/bruli/alerter/test/publisher.go:18.15,21.3 2 0
github.com/bruli/alerter/test/publisher.go:23.2,31.16 4 0
github.com/bruli/alerter/test/publisher.go:31.16,33.3 1 0
github.com/bruli/alerter/test/publisher.go:35.2,37.14 3 0
github.com/bruli/alerter/test/publisher.go:37.14,39.17 2 0
github.com/bruli/alerter/test/publisher.go:39.17,41.4 1 0
github.com/bruli/alerter/test/publisher.go:42.3,43.26 2 0
github.com/bruli/alerter/test/publisher.go:46.2,52.16 3 0
github.com/bruli/alerter/test/publisher.go:52.16,54.3 1 0
github.com/bruli/alerter/test/publisher.go:56.2,57.15 2 0
github.com/bruli/alerter/test/publisher.go:57.15,58.60 1 0
github.com/bruli/alerter/test/publisher.go:58.60,60.4 1 0
github.com/bruli/alerter/test/publisher.go:61.3,61.26 1 0
github.com/bruli/alerter/test/publisher.go:64.2,64.12 1 0
github.com/bruli/alerter/internal/domain/message/message.go:24.36,26.2 1 1
github.com/bruli/alerter/internal/domain/message/message.go:28.34,30.2 1 1
github.com/bruli/alerter/internal/domain/message/message.go:32.34,34.2 1 10
github.com/bruli/alerter/internal/domain/message/message.go:36.35,38.18 2 4
github.com/bruli/alerter/internal/domain/message/message.go:38.18,40.3 1 2
github.com/bruli/alerter/internal/domain/message/message.go:42.2,42.37 1 4
github.com/bruli/alerter/internal/domain/message/message.go:45.35,46.9 1 5
github.com/bruli/alerter/internal/domain/message/message.go:47.24,48.28 1 1
github.com/bruli/alerter/internal/domain/message/message.go:49.22,50.26 1 1
github.com/bruli/alerter/internal/domain/message/message.go:51.10,52.13 1 3
github.com/bruli/alerter/internal/domain/message/message.go:56.67,58.37 2 5
github.com/bruli/alerter/internal/domain/message/message.go:58.37,60.3 1 2
github.com/bruli/alerter/internal/domain/message/message.go:61.2,61.16 1 3
github.com/bruli/alerter/internal/domain/message/publish.go:10.64,11.9 1 5
github.com/bruli/alerter/internal/domain/message/publish.go:12.29,13.50 1 2
github.com/bruli/alerter/internal/domain/message/publish.go:13.50,15.4 1 1
github.com/bruli/alerter/internal/domain/message/publish.go:16.3,17.13 2 1
github.com/bruli/alerter/internal/domain/message/publish.go:18.33,19.50 1 2
github.com/bruli/alerter/internal/domain/message/publish.go:19.50,21.4 1 1
github.com/bruli/alerter/internal/domain/message/publish.go:22.3,23.13 2 1
github.com/bruli/alerter/internal/domain/message/publish.go:24.10,25.13 1 1
github.com/bruli/alerter/internal/domain/message/publish.go:29.56,31.2 1 3
github.com/bruli/alerter/internal/domain/message/publish.go:33.52,35.2 1 5
github.com/bruli/alerter/internal/domain/message/publish.go:37.66,39.2 1 4
github.com/bruli/alerter/internal/domain/message/publish.go:41.60,43.2 1 5
github.com/bruli/alerter/internal/domain/message/zmock_cache.go:69.46,70.28 1 8
github.com/bruli/alerter/internal/domain/message/zmock_cache.go:70.28,71.80 1 0
github.com/bruli/alerter/internal/domain/message/zmock_cache.go:73.2,81.27 5 8
github.com/bruli/alerter/internal/domain/message/zmock_cache.go:90.3,98.2 5 0
github.com/bruli/alerter/internal/domain/message/zmock_cache.go:101.41,102.28 1 1
github.com/bruli/alerter/internal/domain/message/zmock_cache.go:102.28,103.80 1 0
github.com/bruli/alerter/internal/domain/message/zmock_cache.go:105.2,113.20 5 1
github.com/bruli/alerter/internal/domain/message/zmock_cache.go:122.3,130.2 5 0
github.com/bruli/alerter/internal/domain/message/zmock_cache.go:133.38,134.25 1 1
github.com/bruli/alerter/internal/domain/message/zmock_cache.go:134.25,135.74 1 0
github.com/bruli/alerter/internal/domain/message/zmock_cache.go:137.2,145.17 5 1
github.com/bruli/alerter/internal/domain/message/zmock_cache.go:154.3,162.2 5 3
github.com/bruli/alerter/internal/domain/message/zmock_publisher.go:48.75,49.29 1 4
github.com/bruli/alerter/internal/domain/message/zmock_publisher.go:49.29,50.90 1 0
github.com/bruli/alerter/internal/domain/message/zmock_publisher.go:52.2,62.35 5 4
github.com/bruli/alerter/internal/domain/message/zmock_publisher.go:72.3,81.2 5 0
github.com/bruli/alerter/internal/infra/memory/cache.go:15.34,17.2 1 1
github.com/bruli/alerter/internal/infra/memory/cache.go:19.68,21.6 2 2
github.com/bruli/alerter/internal/infra/memory/cache.go:21.6,22.10 1 4
github.com/bruli/alerter/internal/infra/memory/cache.go:23.21,24.10 1 2
github.com/bruli/alerter/internal/infra/memory/cache.go:25.15,27.26 2 2
github.com/bruli/alerter/internal/infra/memory/cache.go:27.26,28.28 1 1
github.com/bruli/alerter/internal/infra/memory/cache.go:28.28,30.6 1 1
github.com/bruli/alerter/internal/infra/memory/cache.go:32.4,32.14 1 2
github.com/bruli/alerter/internal/infra/memory/cache.go:37.31,41.2 3 2
github.com/bruli/alerter/internal/infra/memory/cache.go:43.39,48.2 4 2
github.com/bruli/alerter/internal/infra/memory/cache.go:50.41,53.2 2 2
